Build started 4/1/2013 11:58:28 AM.
     1>Project "C:\Users\Aaron1178\Documents\GitHub\Traffic-Lights\DICTrafficLights\DICTrafficLights.vcxproj" on node 2 (rebuild target(s)).
     1>InitializeBuildStatus:
         Creating "Debug\DICTrafficLightsAaron1178.unsuccessfulbuild" because "AlwaysCreate" was specified.
       ClCompile:
         C:\Program Files (x86)\Microsoft Visual Studio 10.0\VC\bin\CL.exe /c /ZI /nologo /W3 /WX- /Od /Oy- /D WIN32 /D _DEBUG /D _CONSOLE /D _UNICODE /D UNICODE /Gm /EHsc /RTC1 /MDd /GS /fp:precise /Zc:wchar_t /Zc:forScope /Fo"Debug\\" /Fd"Debug\vc100.pdb" /Gd /TP /analyze- /errorReport:prompt ConsoleOutput.cpp Core.cpp LightsStatus.cpp
         LightsStatus.cpp
         Core.cpp
         ConsoleOutput.cpp
     1>c:\users\aaron1178\documents\github\traffic-lights\dictrafficlights\consoleoutput.cpp(110): warning C4996: 'strcpy': This function or variable may be unsafe. Consider using strcpy_s instead. To disable deprecation, use _CRT_SECURE_NO_WARNINGS. See online help for details.
                 c:\program files (x86)\microsoft visual studio 10.0\vc\include\string.h(105) : see declaration of 'strcpy'
     1>c:\users\aaron1178\documents\github\traffic-lights\dictrafficlights\consoleoutput.cpp(115): warning C4996: 'strcpy': This function or variable may be unsafe. Consider using strcpy_s instead. To disable deprecation, use _CRT_SECURE_NO_WARNINGS. See online help for details.
                 c:\program files (x86)\microsoft visual studio 10.0\vc\include\string.h(105) : see declaration of 'strcpy'
         Generating Code...
         C:\Program Files (x86)\Microsoft Visual Studio 10.0\VC\bin\CL.exe /c /ZI /nologo /W3 /WX- /Od /Oy- /D WIN32 /D _DEBUG /D _CONSOLE /D _UNICODE /D UNICODE /Gm /EHsc /RTC1 /MDd /GS /fp:precise /Zc:wchar_t /Zc:forScope /Fo"Debug\\" /Fd"Debug\vc100.pdb" /Gd /TC /analyze- /errorReport:prompt LightsTimer.c
         LightsTimer.c
       ManifestResourceCompile:
         C:\Program Files (x86)\Microsoft SDKs\Windows\v7.0A\bin\rc.exe /nologo /fo"Debug\DICTrafficLightsAaron1178.exe.embed.manifest.res" Debug\DICTrafficLightsAaron1178_manifest.rc 
       Link:
         C:\Program Files (x86)\Microsoft Visual Studio 10.0\VC\bin\link.exe /ERRORREPORT:PROMPT /OUT:"C:\Users\Aaron1178\Documents\GitHub\Traffic-Lights\Debug\DICTrafficLightsAaron1178.exe" /INCREMENTAL /NOLOGO kernel32.lib user32.lib gdi32.lib winspool.lib comdlg32.lib advapi32.lib shell32.lib ole32.lib oleaut32.lib uuid.lib odbc32.lib odbccp32.lib /MANIFEST /ManifestFile:"Debug\DICTrafficLightsAaron1178.exe.intermediate.manifest" /MANIFESTUAC:"level='asInvoker' uiAccess='false'" /DEBUG /PDB:"C:\Users\Aaron1178\Documents\GitHub\Traffic-Lights\Debug\DICTrafficLightsAaron1178.pdb" /SUBSYSTEM:CONSOLE /TLBID:1 /DYNAMICBASE /NXCOMPAT /IMPLIB:"C:\Users\Aaron1178\Documents\GitHub\Traffic-Lights\Debug\DICTrafficLightsAaron1178.lib" /MACHINE:X86 Debug\DICTrafficLightsAaron1178.exe.embed.manifest.res
         Debug\ConsoleOutput.obj
         Debug\Core.obj
         Debug\LightsStatus.obj
         Debug\LightsTimer.obj
       Manifest:
         Deleting file "Debug\DICTrafficLightsAaron1178.exe.embed.manifest".
         C:\Program Files (x86)\Microsoft SDKs\Windows\v7.0A\bin\mt.exe /nologo /verbose /out:"Debug\DICTrafficLightsAaron1178.exe.embed.manifest" /manifest Debug\DICTrafficLightsAaron1178.exe.intermediate.manifest
         C:\Program Files (x86)\Microsoft SDKs\Windows\v7.0A\bin\rc.exe /nologo /fo"Debug\DICTrafficLightsAaron1178.exe.embed.manifest.res" Debug\DICTrafficLightsAaron1178_manifest.rc 
       LinkEmbedManifest:
         C:\Program Files (x86)\Microsoft Visual Studio 10.0\VC\bin\link.exe /ERRORREPORT:PROMPT /OUT:"C:\Users\Aaron1178\Documents\GitHub\Traffic-Lights\Debug\DICTrafficLightsAaron1178.exe" /INCREMENTAL /NOLOGO kernel32.lib user32.lib gdi32.lib winspool.lib comdlg32.lib advapi32.lib shell32.lib ole32.lib oleaut32.lib uuid.lib odbc32.lib odbccp32.lib /MANIFEST /ManifestFile:"Debug\DICTrafficLightsAaron1178.exe.intermediate.manifest" /MANIFESTUAC:"level='asInvoker' uiAccess='false'" /DEBUG /PDB:"C:\Users\Aaron1178\Documents\GitHub\Traffic-Lights\Debug\DICTrafficLightsAaron1178.pdb" /SUBSYSTEM:CONSOLE /TLBID:1 /DYNAMICBASE /NXCOMPAT /IMPLIB:"C:\Users\Aaron1178\Documents\GitHub\Traffic-Lights\Debug\DICTrafficLightsAaron1178.lib" /MACHINE:X86 Debug\DICTrafficLightsAaron1178.exe.embed.manifest.res
         Debug\ConsoleOutput.obj
         Debug\Core.obj
         Debug\LightsStatus.obj
         Debug\LightsTimer.obj
         DICTrafficLights.vcxproj -> C:\Users\Aaron1178\Documents\GitHub\Traffic-Lights\Debug\DICTrafficLightsAaron1178.exe
       FinalizeBuildStatus:
         Deleting file "Debug\DICTrafficLightsAaron1178.unsuccessfulbuild".
         Touching "Debug\DICTrafficLightsAaron1178.lastbuildstate".
     1>Done Building Project "C:\Users\Aaron1178\Documents\GitHub\Traffic-Lights\DICTrafficLights\DICTrafficLights.vcxproj" (rebuild target(s)).

Build succeeded.

Time Elapsed 00:00:03.53
