C:\USERS\AARON1178\DOCUMENTS\GITHUB\TRAFFIC-LIGHTS\DEBUG\DICTRAFFICLIGHTS.EXE
C:\USERS\AARON1178\DOCUMENTS\GITHUB\TRAFFIC-LIGHTS\DEBUG\DICTRAFFICLIGHTS.ILK
C:\USERS\AARON1178\DOCUMENTS\GITHUB\TRAFFIC-LIGHTS\DEBUG\DICTRAFFICLIGHTS.PDB
C:\Users\Aaron1178\Documents\GitHub\Traffic-Lights\DICTrafficLights\Debug\cl.command.1.tlog
C:\Users\Aaron1178\Documents\GitHub\Traffic-Lights\DICTrafficLights\Debug\CL.read.1.tlog
C:\Users\Aaron1178\Documents\GitHub\Traffic-Lights\DICTrafficLights\Debug\CL.write.1.tlog
C:\USERS\AARON1178\DOCUMENTS\GITHUB\TRAFFIC-LIGHTS\DICTRAFFICLIGHTS\DEBUG\CONSOLEOUTPUT.OBJ
C:\USERS\AARON1178\DOCUMENTS\GITHUB\TRAFFIC-LIGHTS\DICTRAFFICLIGHTS\DEBUG\CORE.OBJ
C:\USERS\AARON1178\DOCUMENTS\GITHUB\TRAFFIC-LIGHTS\DICTRAFFICLIGHTS\DEBUG\DICTRAFFICLIGHTS.EXE.EMBED.MANIFEST
C:\USERS\AARON1178\DOCUMENTS\GITHUB\TRAFFIC-LIGHTS\DICTRAFFICLIGHTS\DEBUG\DICTRAFFICLIGHTS.EXE.EMBED.MANIFEST.RES
C:\USERS\AARON1178\DOCUMENTS\GITHUB\TRAFFIC-LIGHTS\DICTRAFFICLIGHTS\DEBUG\DICTRAFFICLIGHTS.EXE.INTERMEDIATE.MANIFEST
C:\Users\Aaron1178\Documents\GitHub\Traffic-Lights\DICTrafficLights\Debug\DICTrafficLights_manifest.rc
C:\USERS\AARON1178\DOCUMENTS\GITHUB\TRAFFIC-LIGHTS\DICTRAFFICLIGHTS\DEBUG\LIGHTSSTATUS.OBJ
C:\USERS\AARON1178\DOCUMENTS\GITHUB\TRAFFIC-LIGHTS\DICTRAFFICLIGHTS\DEBUG\LIGHTSTIMER.OBJ
C:\Users\Aaron1178\Documents\GitHub\Traffic-Lights\DICTrafficLights\Debug\link.3712.read.1.tlog
C:\Users\Aaron1178\Documents\GitHub\Traffic-Lights\DICTrafficLights\Debug\link.3712.write.1.tlog
C:\Users\Aaron1178\Documents\GitHub\Traffic-Lights\DICTrafficLights\Debug\link.3712-cvtres.read.1.tlog
C:\Users\Aaron1178\Documents\GitHub\Traffic-Lights\DICTrafficLights\Debug\link.3712-cvtres.write.1.tlog
C:\Users\Aaron1178\Documents\GitHub\Traffic-Lights\DICTrafficLights\Debug\link.4852.read.1.tlog
C:\Users\Aaron1178\Documents\GitHub\Traffic-Lights\DICTrafficLights\Debug\link.4852.write.1.tlog
C:\Users\Aaron1178\Documents\GitHub\Traffic-Lights\DICTrafficLights\Debug\link.4852-cvtres.read.1.tlog
C:\Users\Aaron1178\Documents\GitHub\Traffic-Lights\DICTrafficLights\Debug\link.4852-cvtres.write.1.tlog
C:\Users\Aaron1178\Documents\GitHub\Traffic-Lights\DICTrafficLights\Debug\link.7548.read.1.tlog
C:\Users\Aaron1178\Documents\GitHub\Traffic-Lights\DICTrafficLights\Debug\link.7548.write.1.tlog
C:\Users\Aaron1178\Documents\GitHub\Traffic-Lights\DICTrafficLights\Debug\link.7548-cvtres.read.1.tlog
C:\Users\Aaron1178\Documents\GitHub\Traffic-Lights\DICTrafficLights\Debug\link.7548-cvtres.write.1.tlog
C:\Users\Aaron1178\Documents\GitHub\Traffic-Lights\DICTrafficLights\Debug\link.command.1.tlog
C:\Users\Aaron1178\Documents\GitHub\Traffic-Lights\DICTrafficLights\Debug\link.read.1.tlog
C:\Users\Aaron1178\Documents\GitHub\Traffic-Lights\DICTrafficLights\Debug\link.write.1.tlog
C:\Users\Aaron1178\Documents\GitHub\Traffic-Lights\DICTrafficLights\Debug\link-cvtres.read.1.tlog
C:\Users\Aaron1178\Documents\GitHub\Traffic-Lights\DICTrafficLights\Debug\link-cvtres.write.1.tlog
C:\Users\Aaron1178\Documents\GitHub\Traffic-Lights\DICTrafficLights\Debug\mt.command.1.tlog
C:\Users\Aaron1178\Documents\GitHub\Traffic-Lights\DICTrafficLights\Debug\mt.read.1.tlog
C:\Users\Aaron1178\Documents\GitHub\Traffic-Lights\DICTrafficLights\Debug\mt.write.1.tlog
C:\Users\Aaron1178\Documents\GitHub\Traffic-Lights\DICTrafficLights\Debug\rc.command.1.tlog
C:\Users\Aaron1178\Documents\GitHub\Traffic-Lights\DICTrafficLights\Debug\rc.read.1.tlog
C:\Users\Aaron1178\Documents\GitHub\Traffic-Lights\DICTrafficLights\Debug\rc.write.1.tlog
C:\Users\Aaron1178\Documents\GitHub\Traffic-Lights\DICTrafficLights\Debug\vc100.idb
C:\USERS\AARON1178\DOCUMENTS\GITHUB\TRAFFIC-LIGHTS\DICTRAFFICLIGHTS\DEBUG\VC100.PDB
